<?xml version="1.0" encoding="UTF-8"?>
<testng-results ignored="0" total="1" passed="1" failed="0" skipped="0">
  <reporter-output>
  </reporter-output>
  <suite started-at="2024-04-07T20:02:47 EDT" name="Default suite" finished-at="2024-04-07T20:03:59 EDT" duration-ms="72298">
    <groups>
    </groups>
    <test started-at="2024-04-07T20:02:47 EDT" name="Default test" finished-at="2024-04-07T20:03:59 EDT" duration-ms="72298">
      <class name="testNGtestcases.TC01RegisterUser">
        <test-method is-config="true" signature="beforeMethod()[pri:0, instance:testNGtestcases.TC01RegisterUser@70f43b45]" started-at="2024-04-07T20:02:47 EDT" name="beforeMethod" finished-at="2024-04-07T20:02:53 EDT" duration-ms="5703" status="PASS">
          <reporter-output>
          </reporter-output>
        </test-method> <!-- beforeMethod -->
        <test-method signature="SBSAMarkoffTest(java.lang.String,java.lang.String,java.lang.String,java.lang.String,java.lang.String)[pri:0, instance:testNGtestcases.TC01RegisterUser@70f43b45]" started-at="2024-04-07T20:02:53 EDT" name="SBSAMarkoffTest" data-provider="dataProvi" finished-at="2024-04-07T20:03:59 EDT" duration-ms="65851" status="PASS">
          <params>
            <param index="0">
              <value>
                <![CDATA[Mani1]]>
              </value>
            </param>
            <param index="1">
              <value>
                <![CDATA[Kumar]]>
              </value>
            </param>
            <param index="2">
              <value>
                <![CDATA[mani1@yopmail.com]]>
              </value>
            </param>
            <param index="3">
              <value>
                <![CDATA[Mani!123]]>
              </value>
            </param>
            <param index="4">
              <value>
                <![CDATA[Mani!123]]>
              </value>
            </param>
          </params>
          <reporter-output>
          </reporter-output>
        </test-method> <!-- SBSAMarkoffTest -->
      </class> <!-- testNGtestcases.TC01RegisterUser -->
    </test> <!-- Default test -->
  </suite> <!-- Default suite -->
</testng-results>
